<?xml version="1.0" encoding="UTF-8"?>
<testng-results skipped="0" failed="0" ignored="2" total="3" passed="1">
  <reporter-output>
  </reporter-output>
  <suite name="Suite" duration-ms="12290" started-at="2019-10-24T04:39:17Z" finished-at="2019-10-24T04:39:29Z">
    <groups>
    </groups>
    <test name="Test" duration-ms="12290" started-at="2019-10-24T04:39:17Z" finished-at="2019-10-24T04:39:29Z">
      <class name="tests.FbLoginTest">
        <test-method status="PASS" signature="initialize()[pri:0, instance:tests.FbLoginTest@2752f6e2]" name="initialize" is-config="true" duration-ms="9263" started-at="2019-10-24T04:39:07Z" finished-at="2019-10-24T04:39:17Z">
          <reporter-output>
          </reporter-output>
        </test-method> <!-- initialize -->
        <test-method status="PASS" signature="init()[pri:0, instance:tests.FbLoginTest@2752f6e2]" name="init" duration-ms="12264" started-at="2019-10-24T04:39:17Z" finished-at="2019-10-24T04:39:29Z">
          <reporter-output>
          </reporter-output>
        </test-method> <!-- init -->
        <test-method status="PASS" signature="TeardownTest()[pri:0, instance:tests.FbLoginTest@2752f6e2]" name="TeardownTest" is-config="true" duration-ms="1016" started-at="2019-10-24T04:39:29Z" finished-at="2019-10-24T04:39:30Z">
          <reporter-output>
          </reporter-output>
        </test-method> <!-- TeardownTest -->
      </class> <!-- tests.FbLoginTest -->
    </test> <!-- Test -->
  </suite> <!-- Suite -->
</testng-results>
